<?xml version="1.0" encoding="UTF-8"?>
<!-- Generated by org.testng.reporters.JUnitReportReporter -->
<testsuite hostname="admin-PC-1" failures="1" tests="1" name="Sigma.report" time="0.541" errors="0" timestamp="9 Jun 2020 05:44:20 GMT">
  <testcase classname="Sigma.report" name="reportcreation" time="0.541">
    <failure message="org/bson/types/ObjectId" type="java.lang.NoClassDefFoundError">
      <![CDATA[java.lang.NoClassDefFoundError: org/bson/types/ObjectId
	at java.base/java.lang.Class.getDeclaredMethods0(Native Method)
	at java.base/java.lang.Class.privateGetDeclaredMethods(Class.java:3139)
	at java.base/java.lang.Class.privateGetPublicMethods(Class.java:3164)
	at java.base/java.lang.Class.getMethods(Class.java:1861)
	at freemarker.ext.beans.ClassIntrospector.discoverAccessibleMethods(ClassIntrospector.java:775)
	at freemarker.ext.beans.ClassIntrospector.discoverAccessibleMethods(ClassIntrospector.java:767)
	at freemarker.ext.beans.ClassIntrospector.createClassIntrospectionData(ClassIntrospector.java:286)
	at freemarker.ext.beans.ClassIntrospector.get(ClassIntrospector.java:260)
	at freemarker.ext.beans.BeanModel.<init>(BeanModel.java:111)
	at freemarker.ext.beans.BeanModel.<init>(BeanModel.java:102)
	at freemarker.ext.beans.StringModel.<init>(StringModel.java:56)
	at freemarker.ext.beans.StringModel$1.create(StringModel.java:39)
	at freemarker.ext.beans.BeansModelCache.create(BeansModelCache.java:72)
	at freemarker.ext.util.ModelCache.getInstance(ModelCache.java:80)
	at freemarker.ext.beans.BeansWrapper.wrap(BeansWrapper.java:938)
	at freemarker.template.DefaultObjectWrapper.handleUnknownType(DefaultObjectWrapper.java:278)
	at freemarker.template.DefaultObjectWrapper.wrap(DefaultObjectWrapper.java:251)
	at freemarker.template.WrappingTemplateModel.wrap(WrappingTemplateModel.java:112)
	at freemarker.template.DefaultListAdapter.get(DefaultListAdapter.java:77)
	at freemarker.core.DynamicKeyName.dealWithNumericalKey(DynamicKeyName.java:114)
	at freemarker.core.DynamicKeyName._eval(DynamicKeyName.java:80)
	at freemarker.core.Expression.eval(Expression.java:101)
	at freemarker.core.Assignment.accept(Assignment.java:134)
	at freemarker.core.Environment.visit(Environment.java:334)
	at freemarker.core.Environment.visit(Environment.java:340)
	at freemarker.core.Environment.visit(Environment.java:340)
	at freemarker.core.Environment.process(Environment.java:313)
	at freemarker.template.Template.process(Template.java:383)
	at com.aventstack.extentreports.reporter.ExtentHtmlReporter.flush(ExtentHtmlReporter.java:142)
	at java.base/java.util.ArrayList.forEach(ArrayList.java:1378)
	at com.aventstack.extentreports.Report.notifyReporters(Report.java:263)
	at com.aventstack.extentreports.Report.flush(Report.java:185)
	at com.aventstack.extentreports.ExtentReports.flush(ExtentReports.java:281)
	at Sigma.report.reportcreation(report.java:37)
	at java.base/jdk.internal.reflect.NativeMethodAccessorImpl.invoke0(Native Method)
	at java.base/jdk.internal.reflect.NativeMethodAccessorImpl.invoke(NativeMethodAccessorImpl.java:62)
	at java.base/jdk.internal.reflect.DelegatingMethodAccessorImpl.invoke(DelegatingMethodAccessorImpl.java:43)
	at java.base/java.lang.reflect.Method.invoke(Method.java:564)
	at org.testng.internal.MethodInvocationHelper.invokeMethod(MethodInvocationHelper.java:80)
	at org.testng.internal.Invoker.invokeMethod(Invoker.java:715)
	at org.testng.internal.Invoker.invokeTestMethod(Invoker.java:907)
	at org.testng.internal.Invoker.invokeTestMethods(Invoker.java:1237)
	at org.testng.internal.TestMethodWorker.invokeTestMethods(TestMethodWorker.java:127)
	at org.testng.internal.TestMethodWorker.run(TestMethodWorker.java:111)
	at org.testng.TestRunner.privateRun(TestRunner.java:767)
	at org.testng.TestRunner.run(TestRunner.java:617)
	at org.testng.SuiteRunner.runTest(SuiteRunner.java:334)
	at org.testng.SuiteRunner.runSequentially(SuiteRunner.java:329)
	at org.testng.SuiteRunner.privateRun(SuiteRunner.java:291)
	at org.testng.SuiteRunner.run(SuiteRunner.java:240)
	at org.testng.SuiteRunnerWorker.runSuite(SuiteRunnerWorker.java:51)
	at org.testng.SuiteRunnerWorker.run(SuiteRunnerWorker.java:85)
	at org.testng.TestNG.runSuitesSequentially(TestNG.java:1197)
	at org.testng.TestNG.runSuitesLocally(TestNG.java:1122)
	at org.testng.TestNG.run(TestNG.java:1030)
	at org.testng.remote.AbstractRemoteTestNG.run(AbstractRemoteTestNG.java:114)
	at org.testng.remote.RemoteTestNG.initAndRun(RemoteTestNG.java:251)
	at org.testng.remote.RemoteTestNG.main(RemoteTestNG.java:77)
Caused by: java.lang.ClassNotFoundException: org.bson.types.ObjectId
	at java.base/jdk.internal.loader.BuiltinClassLoader.loadClass(BuiltinClassLoader.java:582)
	at java.base/jdk.internal.loader.ClassLoaders$AppClassLoader.loadClass(ClassLoaders.java:185)
	at java.base/java.lang.ClassLoader.loadClass(ClassLoader.java:496)
	... 58 more
]]>
    </failure>
  </testcase> <!-- reportcreation -->
</testsuite> <!-- Sigma.report -->
